[debug] [2024-02-17T13:23:32.307Z] ----------------------------------------------------------------------
[debug] [2024-02-17T13:23:32.309Z] Command:       /usr/local/bin/node /usr/local/bin/firebase init
[debug] [2024-02-17T13:23:32.309Z] CLI Version:   13.3.0
[debug] [2024-02-17T13:23:32.309Z] Platform:      darwin
[debug] [2024-02-17T13:23:32.309Z] Node Version:  v20.10.0
[debug] [2024-02-17T13:23:32.309Z] Time:          Sat Feb 17 2024 22:23:32 GMT+0900 (日本標準時)
[debug] [2024-02-17T13:23:32.309Z] ----------------------------------------------------------------------
[debug] 
[debug] [2024-02-17T13:23:32.311Z] > command requires scopes: ["email","openid","https://www.googleapis.com/auth/cloudplatformprojects.readonly","https://www.googleapis.com/auth/firebase","https://www.googleapis.com/auth/cloud-platform"]
[debug] [2024-02-17T13:23:32.311Z] > authorizing via signed-in user (masa6031.mac@gmail.com)
[info] 
     ######## #### ########  ######## ########     ###     ######  ########
     ##        ##  ##     ## ##       ##     ##  ##   ##  ##       ##
     ######    ##  ########  ######   ########  #########  ######  ######
     ##        ##  ##    ##  ##       ##     ## ##     ##       ## ##
     ##       #### ##     ## ######## ########  ##     ##  ######  ########

You're about to initialize a Firebase project in this directory:

  /Users/masa/Development/NextJSLesson/example-tailwindcss

[info] 
=== Project Setup
[info] 
[info] First, let's associate this project directory with a Firebase project.
[info] You can create multiple project aliases by running firebase use --add, 
[info] but for now we'll just set up a default project.
[info] 
[debug] [2024-02-17T13:23:37.319Z] >>> [apiv2][query] GET https://firebase.googleapis.com/v1beta1/projects pageSize=100
[debug] [2024-02-17T13:23:38.073Z] <<< [apiv2][status] GET https://firebase.googleapis.com/v1beta1/projects 200
[debug] [2024-02-17T13:23:38.074Z] <<< [apiv2][body] GET https://firebase.googleapis.com/v1beta1/projects [omitted]
[info] i  Using project budgetmaster-62516 (BudgetMaster) 
[info] 
=== Hosting Setup
[debug] [2024-02-17T13:23:44.411Z] >>> [apiv2][query] GET https://firebase.googleapis.com/v1beta1/projects/budgetmaster-62516 [none]
[debug] [2024-02-17T13:23:44.821Z] <<< [apiv2][status] GET https://firebase.googleapis.com/v1beta1/projects/budgetmaster-62516 200
[debug] [2024-02-17T13:23:44.821Z] <<< [apiv2][body] GET https://firebase.googleapis.com/v1beta1/projects/budgetmaster-62516 {"projectId":"budgetmaster-62516","projectNumber":"466581856670","displayName":"BudgetMaster","name":"projects/budgetmaster-62516","resources":{"hostingSite":"budgetmaster-62516"},"state":"ACTIVE","etag":"1_caeab9e1-eb00-45c7-b91f-6dccdd539938"}
[info] 
[info] Your public directory is the folder (relative to your project directory) that
[info] will contain Hosting assets to be uploaded with firebase deploy. If you
[info] have a build process for your assets, use your build's output directory.
[info] 
[debug] [2024-02-17T13:24:00.752Z] >>> [apiv2][query] GET https://www.gstatic.com/firebasejs/releases.json [none]
[debug] [2024-02-17T13:24:00.852Z] <<< [apiv2][status] GET https://www.gstatic.com/firebasejs/releases.json 200
[debug] [2024-02-17T13:24:00.853Z] <<< [apiv2][body] GET https://www.gstatic.com/firebasejs/releases.json {"current":{"version":"10.8.0","browserURL":"https://www.gstatic.com/firebasejs/10.8.0/firebase.js","packageURL":"https://www.gstatic.com/firebasejs/10.8.0/firebase.tgz"},"live":{"version":"10.8","browserURL":"https://www.gstatic.com/firebasejs/live/10.8/firebase.js","packageURL":"https://www.gstatic.com/firebasejs/live/10.8/firebase.tgz"},"components":{"analytics":"https://www.gstatic.com/firebasejs/10.8.0/firebase-analytics.js","app":"https://www.gstatic.com/firebasejs/10.8.0/firebase-app.js","app-check":"https://www.gstatic.com/firebasejs/10.8.0/firebase-app-check.js","auth":"https://www.gstatic.com/firebasejs/10.8.0/firebase-auth.js","auth/cordova":"https://www.gstatic.com/firebasejs/10.8.0/firebase-auth/cordova.js","auth/web-extension":"https://www.gstatic.com/firebasejs/10.8.0/firebase-auth/web-extension.js","functions":"https://www.gstatic.com/firebasejs/10.8.0/firebase-functions.js","firestore":"https://www.gstatic.com/firebasejs/10.8.0/firebase-firestore.js","firestore/lite":"https://www.gstatic.com/firebasejs/10.8.0/firebase-firestore/lite.js","installations":"https://www.gstatic.com/firebasejs/10.8.0/firebase-installations.js","storage":"https://www.gstatic.com/firebasejs/10.8.0/firebase-storage.js","performance":"https://www.gstatic.com/firebasejs/10.8.0/firebase-performance.js","remote-config":"https://www.gstatic.com/firebasejs/10.8.0/firebase-remote-config.js","messaging":"https://www.gstatic.com/firebasejs/10.8.0/firebase-messaging.js","messaging/sw":"https://www.gstatic.com/firebasejs/10.8.0/firebase-messaging/sw.js","database":"https://www.gstatic.com/firebasejs/10.8.0/firebase-database.js","firestore.memory":"https://www.gstatic.com/firebasejs/10.8.0/firebase-firestore.memory.js"}}
[info] ✔  Wrote public/index.html 
[info] 
[info] i  Detected a .git folder at /Users/masa/Development/NextJSLesson/example-tailwindcss 
[info] i  Authorizing with GitHub to upload your service account to a GitHub repository's secrets store. 
[info] 
[info] Visit this URL on this device to log in:
[info] https://github.com/login/oauth/authorize?client_id=89cf50f02ac6aaed3484&state=215538380&redirect_uri=http%3A%2F%2Flocalhost%3A9005&scope=read%3Auser%20repo%20public_repo
[info] 
[info] Waiting for authentication...
[debug] [2024-02-17T13:24:20.532Z] >>> [apiv2][query] POST https://github.com/login/oauth/access_token [none]
[debug] [2024-02-17T13:24:20.532Z] >>> [apiv2][body] POST https://github.com/login/oauth/access_token [stream]
[debug] [2024-02-17T13:24:20.844Z] <<< [apiv2][status] POST https://github.com/login/oauth/access_token 200
[debug] [2024-02-17T13:24:20.845Z] <<< [apiv2][body] POST https://github.com/login/oauth/access_token {"access_token":"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","token_type":"bearer","scope":"read:user,repo"}
[debug] [2024-02-17T13:24:20.859Z] >>> [apiv2][query] GET https://api.github.com/user [none]
[debug] [2024-02-17T13:24:21.287Z] <<< [apiv2][status] GET https://api.github.com/user 200
[debug] [2024-02-17T13:24:21.288Z] <<< [apiv2][body] GET https://api.github.com/user {"login":"masa6031mac","id":87071522,"node_id":"MDQ6VXNlcjg3MDcxNTIy","avatar_url":"https://avatars.githubusercontent.com/u/87071522?v=4","gravatar_id":"","url":"https://api.github.com/users/masa6031mac","html_url":"https://github.com/masa6031mac","followers_url":"https://api.github.com/users/masa6031mac/followers","following_url":"https://api.github.com/users/masa6031mac/following{/other_user}","gists_url":"https://api.github.com/users/masa6031mac/gists{/gist_id}","starred_url":"https://api.github.com/users/masa6031mac/starred{/owner}{/repo}","subscriptions_url":"https://api.github.com/users/masa6031mac/subscriptions","organizations_url":"https://api.github.com/users/masa6031mac/orgs","repos_url":"https://api.github.com/users/masa6031mac/repos","events_url":"https://api.github.com/users/masa6031mac/events{/privacy}","received_events_url":"https://api.github.com/users/masa6031mac/received_events","type":"User","site_admin":false,"name":null,"company":null,"blog":"","location":null,"email":null,"hireable":null,"bio":null,"twitter_username":null,"public_repos":4,"public_gists":0,"followers":0,"following":0,"created_at":"2021-07-07T11:01:36Z","updated_at":"2023-01-09T23:45:34Z","private_gists":0,"total_private_repos":5,"owned_private_repos":5,"disk_usage":32872,"collaborators":0,"two_factor_authentication":false,"plan":{"name":"free","space":976562499,"collaborators":0,"private_repos":10000}}
[info] 
[info] ✔  Success! Logged into GitHub as masa6031mac 
[info] 
